<?xml version="1.0" encoding="UTF-8"?>
<!-- Generated by org.testng.reporters.JUnitReportReporter -->
<testsuite hostname="DESKTOP-G8VGPO9" failures="0" tests="1" name="TestCase.IRCTCBooking" time="36.243" errors="0" timestamp="2025-06-17T20:03:19 IST" skipped="0">
  <testcase classname="TestCase.IRCTCBooking" name="bookTicket" time="36.243"/>
</testsuite> <!-- TestCase.IRCTCBooking -->
